<?xml version="1.0" encoding="UTF-8"?>
<!-- Generated by org.testng.reporters.JUnitXMLReporter -->
<testsuite hostname="HAPPY-LADDU" ignored="0" name="Default test" tests="3" failures="0" timestamp="01 Feb 2019 04:07:28 GMT" time="0.232" errors="0">
  <testcase name="sum" time="0.011" classname="com.mysoft.MathServiceImplTest"/>
  <testcase name="sum1" time="0.003" classname="com.mysoft.MathServiceImplTest"/>
  <testcase name="sum2" time="0.0" classname="com.mysoft.MathServiceImplTest"/>
</testsuite> <!-- Default test -->
