<?xml version="1.0" encoding="UTF-8"?>
<testng-results skipped="0" failed="0" ignored="0" total="3" passed="3">
  <reporter-output>
  </reporter-output>
  <suite name="Default suite" duration-ms="232" started-at="2019-02-01T04:07:27Z" finished-at="2019-02-01T04:07:28Z">
    <groups>
    </groups>
    <test name="Default test" duration-ms="232" started-at="2019-02-01T04:07:27Z" finished-at="2019-02-01T04:07:28Z">
      <class name="com.mysoft.MathServiceImplTest">
        <test-method status="PASS" signature="beforeTest()[pri:0, instance:com.mysoft.MathServiceImplTest@57855c9a]" name="beforeTest" is-config="true" duration-ms="191" started-at="2019-02-01T04:07:27Z" finished-at="2019-02-01T04:07:27Z">
          <reporter-output>
          </reporter-output>
        </test-method> <!-- beforeTest -->
        <test-method status="PASS" signature="springTestContextBeforeTestClass()[pri:0, instance:com.mysoft.MathServiceImplTest@57855c9a]" name="springTestContextBeforeTestClass" is-config="true" duration-ms="0" started-at="2019-02-01T04:07:27Z" finished-at="2019-02-01T04:07:27Z">
          <reporter-output>
          </reporter-output>
        </test-method> <!-- springTestContextBeforeTestClass -->
        <test-method status="PASS" signature="springTestContextPrepareTestInstance()[pri:0, instance:com.mysoft.MathServiceImplTest@57855c9a]" name="springTestContextPrepareTestInstance" is-config="true" duration-ms="0" started-at="2019-02-01T04:07:27Z" depends-on-methods="org.springframework.test.context.testng.AbstractTestNGSpringContextTests.springTestContextBeforeTestClass" finished-at="2019-02-01T04:07:27Z">
          <reporter-output>
          </reporter-output>
        </test-method> <!-- springTestContextPrepareTestInstance -->
        <test-method status="PASS" signature="beforeClass()[pri:0, instance:com.mysoft.MathServiceImplTest@57855c9a]" name="beforeClass" is-config="true" duration-ms="0" started-at="2019-02-01T04:07:27Z" finished-at="2019-02-01T04:07:27Z">
          <reporter-output>
          </reporter-output>
        </test-method> <!-- beforeClass -->
        <test-method status="PASS" signature="sum()[pri:1, instance:com.mysoft.MathServiceImplTest@57855c9a]" name="sum" duration-ms="11" started-at="2019-02-01T04:07:28Z" finished-at="2019-02-01T04:07:28Z">
          <reporter-output>
          </reporter-output>
        </test-method> <!-- sum -->
        <test-method status="PASS" signature="springTestContextBeforeTestMethod(java.lang.reflect.Method)[pri:0, instance:com.mysoft.MathServiceImplTest@57855c9a]" name="springTestContextBeforeTestMethod" is-config="true" duration-ms="0" started-at="2019-02-01T04:07:28Z" finished-at="2019-02-01T04:07:28Z">
          <params>
            <param index="0">
              <value>
                <![CDATA[public void com.mysoft.MathServiceImplTest.sum()]]>
              </value>
            </param>
          </params>
          <reporter-output>
          </reporter-output>
        </test-method> <!-- springTestContextBeforeTestMethod -->
        <test-method status="PASS" signature="springTestContextAfterTestMethod(java.lang.reflect.Method)[pri:0, instance:com.mysoft.MathServiceImplTest@57855c9a]" name="springTestContextAfterTestMethod" is-config="true" duration-ms="1" started-at="2019-02-01T04:07:28Z" finished-at="2019-02-01T04:07:28Z">
          <params>
            <param index="0">
              <value>
                <![CDATA[public void com.mysoft.MathServiceImplTest.sum()]]>
              </value>
            </param>
          </params>
          <reporter-output>
          </reporter-output>
        </test-method> <!-- springTestContextAfterTestMethod -->
        <test-method status="PASS" signature="springTestContextBeforeTestMethod(java.lang.reflect.Method)[pri:0, instance:com.mysoft.MathServiceImplTest@57855c9a]" name="springTestContextBeforeTestMethod" is-config="true" duration-ms="0" started-at="2019-02-01T04:07:28Z" finished-at="2019-02-01T04:07:28Z">
          <params>
            <param index="0">
              <value>
                <![CDATA[public void com.mysoft.MathServiceImplTest.sum1()]]>
              </value>
            </param>
          </params>
          <reporter-output>
          </reporter-output>
        </test-method> <!-- springTestContextBeforeTestMethod -->
        <test-method status="PASS" signature="sum1()[pri:2, instance:com.mysoft.MathServiceImplTest@57855c9a]" name="sum1" duration-ms="3" started-at="2019-02-01T04:07:28Z" finished-at="2019-02-01T04:07:28Z">
          <reporter-output>
          </reporter-output>
        </test-method> <!-- sum1 -->
        <test-method status="PASS" signature="springTestContextAfterTestMethod(java.lang.reflect.Method)[pri:0, instance:com.mysoft.MathServiceImplTest@57855c9a]" name="springTestContextAfterTestMethod" is-config="true" duration-ms="0" started-at="2019-02-01T04:07:28Z" finished-at="2019-02-01T04:07:28Z">
          <params>
            <param index="0">
              <value>
                <![CDATA[public void com.mysoft.MathServiceImplTest.sum1()]]>
              </value>
            </param>
          </params>
          <reporter-output>
          </reporter-output>
        </test-method> <!-- springTestContextAfterTestMethod -->
        <test-method status="PASS" signature="sum2()[pri:3, instance:com.mysoft.MathServiceImplTest@57855c9a]" name="sum2" duration-ms="0" started-at="2019-02-01T04:07:28Z" finished-at="2019-02-01T04:07:28Z">
          <reporter-output>
          </reporter-output>
        </test-method> <!-- sum2 -->
        <test-method status="PASS" signature="springTestContextBeforeTestMethod(java.lang.reflect.Method)[pri:0, instance:com.mysoft.MathServiceImplTest@57855c9a]" name="springTestContextBeforeTestMethod" is-config="true" duration-ms="0" started-at="2019-02-01T04:07:28Z" finished-at="2019-02-01T04:07:28Z">
          <params>
            <param index="0">
              <value>
                <![CDATA[public void com.mysoft.MathServiceImplTest.sum2()]]>
              </value>
            </param>
          </params>
          <reporter-output>
          </reporter-output>
        </test-method> <!-- springTestContextBeforeTestMethod -->
        <test-method status="PASS" signature="springTestContextAfterTestMethod(java.lang.reflect.Method)[pri:0, instance:com.mysoft.MathServiceImplTest@57855c9a]" name="springTestContextAfterTestMethod" is-config="true" duration-ms="1" started-at="2019-02-01T04:07:28Z" finished-at="2019-02-01T04:07:28Z">
          <params>
            <param index="0">
              <value>
                <![CDATA[public void com.mysoft.MathServiceImplTest.sum2()]]>
              </value>
            </param>
          </params>
          <reporter-output>
          </reporter-output>
        </test-method> <!-- springTestContextAfterTestMethod -->
        <test-method status="PASS" signature="springTestContextAfterTestClass()[pri:0, instance:com.mysoft.MathServiceImplTest@57855c9a]" name="springTestContextAfterTestClass" is-config="true" duration-ms="0" started-at="2019-02-01T04:07:28Z" finished-at="2019-02-01T04:07:28Z">
          <reporter-output>
          </reporter-output>
        </test-method> <!-- springTestContextAfterTestClass -->
        <test-method status="PASS" signature="afterClassLoad()[pri:0, instance:com.mysoft.MathServiceImplTest@57855c9a]" name="afterClassLoad" is-config="true" duration-ms="0" started-at="2019-02-01T04:07:28Z" finished-at="2019-02-01T04:07:28Z">
          <reporter-output>
          </reporter-output>
        </test-method> <!-- afterClassLoad -->
      </class> <!-- com.mysoft.MathServiceImplTest -->
    </test> <!-- Default test -->
  </suite> <!-- Default suite -->
</testng-results>
